2025-07-24 16:04:06,330 DEBUG    root            Loaded Command Group: ['gcloud', 'components']
2025-07-24 16:04:06,334 DEBUG    root            Loaded Command Group: ['gcloud', 'components', 'list']
2025-07-24 16:04:06,336 DEBUG    root            Running [gcloud.components.list] with arguments: [--quiet: "True"]
2025-07-24 16:04:06,379 DEBUG    urllib3.connectionpool Starting new HTTPS connection (1): dl.google.com:443
2025-07-24 16:04:06,511 DEBUG    urllib3.connectionpool https://dl.google.com:443 "GET /dl/cloudsdk/channels/rapid/components-2.json HTTP/11" 200 239806
2025-07-24 16:04:06,599 INFO     ___FILE_ONLY___ 
Your current Google Cloud CLI version is: 531.0.0

2025-07-24 16:04:06,599 INFO     ___FILE_ONLY___ The latest available version is: 531.0.0

2025-07-24 16:04:06,599 INFO     ___FILE_ONLY___ 

2025-07-24 16:04:06,600 DEBUG    root            Chosen display Format:table[box,title="Components"](state.name:label=Status,name:label=Name,id:label=ID,size.size(zero="",min=1048576):label=Size:align=right)
2025-07-24 16:04:06,600 INFO     root            Display format: "table[box,title="Components"](state.name:label=Status,name:label=Name,id:label=ID,size.size(zero="",min=1048576):label=Size:align=right)"
2025-07-24 16:04:06,630 INFO     ___FILE_ONLY___ ┌─────────────────────────────────────────────────────────────────────────────────────────────────────────────────┐
2025-07-24 16:04:06,630 INFO     ___FILE_ONLY___ 

2025-07-24 16:04:06,630 INFO     ___FILE_ONLY___ │                                                    Components                                                   │
2025-07-24 16:04:06,630 INFO     ___FILE_ONLY___ 

2025-07-24 16:04:06,630 INFO     ___FILE_ONLY___ ├───────────────┬──────────────────────────────────────────────────────┬──────────────────────────────┬───────────┤
2025-07-24 16:04:06,630 INFO     ___FILE_ONLY___ 

2025-07-24 16:04:06,630 INFO     ___FILE_ONLY___ │     Status    │                         Name                         │              ID              │    Size   │
2025-07-24 16:04:06,630 INFO     ___FILE_ONLY___ 

2025-07-24 16:04:06,630 INFO     ___FILE_ONLY___ ├───────────────┼──────────────────────────────────────────────────────┼──────────────────────────────┼───────────┤
2025-07-24 16:04:06,630 INFO     ___FILE_ONLY___ 

2025-07-24 16:04:06,630 INFO     ___FILE_ONLY___ │ 
2025-07-24 16:04:06,630 INFO     ___FILE_ONLY___ Not Installed
2025-07-24 16:04:06,630 INFO     ___FILE_ONLY___  
2025-07-24 16:04:06,630 INFO     ___FILE_ONLY___ │ 
2025-07-24 16:04:06,630 INFO     ___FILE_ONLY___ App Engine Go Extensions                            
2025-07-24 16:04:06,630 INFO     ___FILE_ONLY___  
2025-07-24 16:04:06,630 INFO     ___FILE_ONLY___ │ 
2025-07-24 16:04:06,630 INFO     ___FILE_ONLY___ app-engine-go               
2025-07-24 16:04:06,630 INFO     ___FILE_ONLY___  
2025-07-24 16:04:06,630 INFO     ___FILE_ONLY___ │ 
2025-07-24 16:04:06,630 INFO     ___FILE_ONLY___   4.5 MiB
2025-07-24 16:04:06,630 INFO     ___FILE_ONLY___  
2025-07-24 16:04:06,630 INFO     ___FILE_ONLY___ │
2025-07-24 16:04:06,630 INFO     ___FILE_ONLY___ 

2025-07-24 16:04:06,630 INFO     ___FILE_ONLY___ │ 
2025-07-24 16:04:06,630 INFO     ___FILE_ONLY___ Not Installed
2025-07-24 16:04:06,630 INFO     ___FILE_ONLY___  
2025-07-24 16:04:06,630 INFO     ___FILE_ONLY___ │ 
2025-07-24 16:04:06,630 INFO     ___FILE_ONLY___ Appctl                                              
2025-07-24 16:04:06,630 INFO     ___FILE_ONLY___  
2025-07-24 16:04:06,630 INFO     ___FILE_ONLY___ │ 
2025-07-24 16:04:06,630 INFO     ___FILE_ONLY___ appctl                      
2025-07-24 16:04:06,630 INFO     ___FILE_ONLY___  
2025-07-24 16:04:06,630 INFO     ___FILE_ONLY___ │ 
2025-07-24 16:04:06,630 INFO     ___FILE_ONLY___  18.5 MiB
2025-07-24 16:04:06,630 INFO     ___FILE_ONLY___  
2025-07-24 16:04:06,630 INFO     ___FILE_ONLY___ │
2025-07-24 16:04:06,630 INFO     ___FILE_ONLY___ 

2025-07-24 16:04:06,630 INFO     ___FILE_ONLY___ │ 
2025-07-24 16:04:06,631 INFO     ___FILE_ONLY___ Not Installed
2025-07-24 16:04:06,631 INFO     ___FILE_ONLY___  
2025-07-24 16:04:06,631 INFO     ___FILE_ONLY___ │ 
2025-07-24 16:04:06,631 INFO     ___FILE_ONLY___ Artifact Registry Go Module Package Helper          
2025-07-24 16:04:06,631 INFO     ___FILE_ONLY___  
2025-07-24 16:04:06,631 INFO     ___FILE_ONLY___ │ 
2025-07-24 16:04:06,631 INFO     ___FILE_ONLY___ package-go-module           
2025-07-24 16:04:06,631 INFO     ___FILE_ONLY___  
2025-07-24 16:04:06,631 INFO     ___FILE_ONLY___ │ 
2025-07-24 16:04:06,631 INFO     ___FILE_ONLY___   < 1 MiB
2025-07-24 16:04:06,631 INFO     ___FILE_ONLY___  
2025-07-24 16:04:06,631 INFO     ___FILE_ONLY___ │
2025-07-24 16:04:06,631 INFO     ___FILE_ONLY___ 

2025-07-24 16:04:06,631 INFO     ___FILE_ONLY___ │ 
2025-07-24 16:04:06,631 INFO     ___FILE_ONLY___ Not Installed
2025-07-24 16:04:06,631 INFO     ___FILE_ONLY___  
2025-07-24 16:04:06,631 INFO     ___FILE_ONLY___ │ 
2025-07-24 16:04:06,631 INFO     ___FILE_ONLY___ Cloud Bigtable Command Line Tool                    
2025-07-24 16:04:06,631 INFO     ___FILE_ONLY___  
2025-07-24 16:04:06,631 INFO     ___FILE_ONLY___ │ 
2025-07-24 16:04:06,631 INFO     ___FILE_ONLY___ cbt                         
2025-07-24 16:04:06,631 INFO     ___FILE_ONLY___  
2025-07-24 16:04:06,631 INFO     ___FILE_ONLY___ │ 
2025-07-24 16:04:06,631 INFO     ___FILE_ONLY___  19.3 MiB
2025-07-24 16:04:06,631 INFO     ___FILE_ONLY___  
2025-07-24 16:04:06,631 INFO     ___FILE_ONLY___ │
2025-07-24 16:04:06,631 INFO     ___FILE_ONLY___ 

2025-07-24 16:04:06,631 INFO     ___FILE_ONLY___ │ 
2025-07-24 16:04:06,631 INFO     ___FILE_ONLY___ Not Installed
2025-07-24 16:04:06,631 INFO     ___FILE_ONLY___  
2025-07-24 16:04:06,631 INFO     ___FILE_ONLY___ │ 
2025-07-24 16:04:06,631 INFO     ___FILE_ONLY___ Cloud Bigtable Emulator                             
2025-07-24 16:04:06,631 INFO     ___FILE_ONLY___  
2025-07-24 16:04:06,631 INFO     ___FILE_ONLY___ │ 
2025-07-24 16:04:06,631 INFO     ___FILE_ONLY___ bigtable                    
2025-07-24 16:04:06,631 INFO     ___FILE_ONLY___  
2025-07-24 16:04:06,631 INFO     ___FILE_ONLY___ │ 
2025-07-24 16:04:06,631 INFO     ___FILE_ONLY___   8.1 MiB
2025-07-24 16:04:06,631 INFO     ___FILE_ONLY___  
2025-07-24 16:04:06,631 INFO     ___FILE_ONLY___ │
2025-07-24 16:04:06,631 INFO     ___FILE_ONLY___ 

2025-07-24 16:04:06,631 INFO     ___FILE_ONLY___ │ 
2025-07-24 16:04:06,631 INFO     ___FILE_ONLY___ Not Installed
2025-07-24 16:04:06,631 INFO     ___FILE_ONLY___  
2025-07-24 16:04:06,631 INFO     ___FILE_ONLY___ │ 
2025-07-24 16:04:06,631 INFO     ___FILE_ONLY___ Cloud Datastore Emulator                            
2025-07-24 16:04:06,631 INFO     ___FILE_ONLY___  
2025-07-24 16:04:06,631 INFO     ___FILE_ONLY___ │ 
2025-07-24 16:04:06,632 INFO     ___FILE_ONLY___ cloud-datastore-emulator    
2025-07-24 16:04:06,632 INFO     ___FILE_ONLY___  
2025-07-24 16:04:06,632 INFO     ___FILE_ONLY___ │ 
2025-07-24 16:04:06,632 INFO     ___FILE_ONLY___  36.2 MiB
2025-07-24 16:04:06,632 INFO     ___FILE_ONLY___  
2025-07-24 16:04:06,632 INFO     ___FILE_ONLY___ │
2025-07-24 16:04:06,632 INFO     ___FILE_ONLY___ 

2025-07-24 16:04:06,632 INFO     ___FILE_ONLY___ │ 
2025-07-24 16:04:06,632 INFO     ___FILE_ONLY___ Not Installed
2025-07-24 16:04:06,632 INFO     ___FILE_ONLY___  
2025-07-24 16:04:06,632 INFO     ___FILE_ONLY___ │ 
2025-07-24 16:04:06,632 INFO     ___FILE_ONLY___ Cloud Firestore Emulator                            
2025-07-24 16:04:06,632 INFO     ___FILE_ONLY___  
2025-07-24 16:04:06,632 INFO     ___FILE_ONLY___ │ 
2025-07-24 16:04:06,632 INFO     ___FILE_ONLY___ cloud-firestore-emulator    
2025-07-24 16:04:06,632 INFO     ___FILE_ONLY___  
2025-07-24 16:04:06,632 INFO     ___FILE_ONLY___ │ 
2025-07-24 16:04:06,632 INFO     ___FILE_ONLY___  53.7 MiB
2025-07-24 16:04:06,632 INFO     ___FILE_ONLY___  
2025-07-24 16:04:06,632 INFO     ___FILE_ONLY___ │
2025-07-24 16:04:06,632 INFO     ___FILE_ONLY___ 

2025-07-24 16:04:06,632 INFO     ___FILE_ONLY___ │ 
2025-07-24 16:04:06,632 INFO     ___FILE_ONLY___ Not Installed
2025-07-24 16:04:06,632 INFO     ___FILE_ONLY___  
2025-07-24 16:04:06,632 INFO     ___FILE_ONLY___ │ 
2025-07-24 16:04:06,632 INFO     ___FILE_ONLY___ Cloud Pub/Sub Emulator                              
2025-07-24 16:04:06,632 INFO     ___FILE_ONLY___  
2025-07-24 16:04:06,632 INFO     ___FILE_ONLY___ │ 
2025-07-24 16:04:06,632 INFO     ___FILE_ONLY___ pubsub-emulator             
2025-07-24 16:04:06,632 INFO     ___FILE_ONLY___  
2025-07-24 16:04:06,632 INFO     ___FILE_ONLY___ │ 
2025-07-24 16:04:06,632 INFO     ___FILE_ONLY___  62.4 MiB
2025-07-24 16:04:06,632 INFO     ___FILE_ONLY___  
2025-07-24 16:04:06,632 INFO     ___FILE_ONLY___ │
2025-07-24 16:04:06,632 INFO     ___FILE_ONLY___ 

2025-07-24 16:04:06,632 INFO     ___FILE_ONLY___ │ 
2025-07-24 16:04:06,632 INFO     ___FILE_ONLY___ Not Installed
2025-07-24 16:04:06,632 INFO     ___FILE_ONLY___  
2025-07-24 16:04:06,632 INFO     ___FILE_ONLY___ │ 
2025-07-24 16:04:06,632 INFO     ___FILE_ONLY___ Cloud Run Proxy                                     
2025-07-24 16:04:06,632 INFO     ___FILE_ONLY___  
2025-07-24 16:04:06,632 INFO     ___FILE_ONLY___ │ 
2025-07-24 16:04:06,632 INFO     ___FILE_ONLY___ cloud-run-proxy             
2025-07-24 16:04:06,632 INFO     ___FILE_ONLY___  
2025-07-24 16:04:06,632 INFO     ___FILE_ONLY___ │ 
2025-07-24 16:04:06,632 INFO     ___FILE_ONLY___  11.3 MiB
2025-07-24 16:04:06,632 INFO     ___FILE_ONLY___  
2025-07-24 16:04:06,632 INFO     ___FILE_ONLY___ │
2025-07-24 16:04:06,633 INFO     ___FILE_ONLY___ 

2025-07-24 16:04:06,633 INFO     ___FILE_ONLY___ │ 
2025-07-24 16:04:06,633 INFO     ___FILE_ONLY___ Not Installed
2025-07-24 16:04:06,633 INFO     ___FILE_ONLY___  
2025-07-24 16:04:06,633 INFO     ___FILE_ONLY___ │ 
2025-07-24 16:04:06,633 INFO     ___FILE_ONLY___ Cloud SQL Proxy v2                                  
2025-07-24 16:04:06,633 INFO     ___FILE_ONLY___  
2025-07-24 16:04:06,633 INFO     ___FILE_ONLY___ │ 
2025-07-24 16:04:06,633 INFO     ___FILE_ONLY___ cloud-sql-proxy             
2025-07-24 16:04:06,633 INFO     ___FILE_ONLY___  
2025-07-24 16:04:06,633 INFO     ___FILE_ONLY___ │ 
2025-07-24 16:04:06,633 INFO     ___FILE_ONLY___  14.7 MiB
2025-07-24 16:04:06,633 INFO     ___FILE_ONLY___  
2025-07-24 16:04:06,633 INFO     ___FILE_ONLY___ │
2025-07-24 16:04:06,633 INFO     ___FILE_ONLY___ 

2025-07-24 16:04:06,633 INFO     ___FILE_ONLY___ │ 
2025-07-24 16:04:06,633 INFO     ___FILE_ONLY___ Not Installed
2025-07-24 16:04:06,633 INFO     ___FILE_ONLY___  
2025-07-24 16:04:06,633 INFO     ___FILE_ONLY___ │ 
2025-07-24 16:04:06,633 INFO     ___FILE_ONLY___ Google Container Registry's Docker credential helper
2025-07-24 16:04:06,633 INFO     ___FILE_ONLY___  
2025-07-24 16:04:06,633 INFO     ___FILE_ONLY___ │ 
2025-07-24 16:04:06,633 INFO     ___FILE_ONLY___ docker-credential-gcr       
2025-07-24 16:04:06,633 INFO     ___FILE_ONLY___  
2025-07-24 16:04:06,633 INFO     ___FILE_ONLY___ │ 
2025-07-24 16:04:06,633 INFO     ___FILE_ONLY___          
2025-07-24 16:04:06,633 INFO     ___FILE_ONLY___  
2025-07-24 16:04:06,633 INFO     ___FILE_ONLY___ │
2025-07-24 16:04:06,633 INFO     ___FILE_ONLY___ 

2025-07-24 16:04:06,633 INFO     ___FILE_ONLY___ │ 
2025-07-24 16:04:06,633 INFO     ___FILE_ONLY___ Not Installed
2025-07-24 16:04:06,633 INFO     ___FILE_ONLY___  
2025-07-24 16:04:06,633 INFO     ___FILE_ONLY___ │ 
2025-07-24 16:04:06,633 INFO     ___FILE_ONLY___ Kustomize                                           
2025-07-24 16:04:06,633 INFO     ___FILE_ONLY___  
2025-07-24 16:04:06,633 INFO     ___FILE_ONLY___ │ 
2025-07-24 16:04:06,633 INFO     ___FILE_ONLY___ kustomize                   
2025-07-24 16:04:06,633 INFO     ___FILE_ONLY___  
2025-07-24 16:04:06,633 INFO     ___FILE_ONLY___ │ 
2025-07-24 16:04:06,633 INFO     ___FILE_ONLY___   7.4 MiB
2025-07-24 16:04:06,633 INFO     ___FILE_ONLY___  
2025-07-24 16:04:06,633 INFO     ___FILE_ONLY___ │
2025-07-24 16:04:06,633 INFO     ___FILE_ONLY___ 

2025-07-24 16:04:06,633 INFO     ___FILE_ONLY___ │ 
2025-07-24 16:04:06,633 INFO     ___FILE_ONLY___ Not Installed
2025-07-24 16:04:06,633 INFO     ___FILE_ONLY___  
2025-07-24 16:04:06,633 INFO     ___FILE_ONLY___ │ 
2025-07-24 16:04:06,633 INFO     ___FILE_ONLY___ Log Streaming                                       
2025-07-24 16:04:06,634 INFO     ___FILE_ONLY___  
2025-07-24 16:04:06,634 INFO     ___FILE_ONLY___ │ 
2025-07-24 16:04:06,634 INFO     ___FILE_ONLY___ log-streaming               
2025-07-24 16:04:06,634 INFO     ___FILE_ONLY___  
2025-07-24 16:04:06,634 INFO     ___FILE_ONLY___ │ 
2025-07-24 16:04:06,634 INFO     ___FILE_ONLY___  16.0 MiB
2025-07-24 16:04:06,634 INFO     ___FILE_ONLY___  
2025-07-24 16:04:06,634 INFO     ___FILE_ONLY___ │
2025-07-24 16:04:06,634 INFO     ___FILE_ONLY___ 

2025-07-24 16:04:06,634 INFO     ___FILE_ONLY___ │ 
2025-07-24 16:04:06,634 INFO     ___FILE_ONLY___ Not Installed
2025-07-24 16:04:06,634 INFO     ___FILE_ONLY___  
2025-07-24 16:04:06,634 INFO     ___FILE_ONLY___ │ 
2025-07-24 16:04:06,634 INFO     ___FILE_ONLY___ Managed Flink Client                                
2025-07-24 16:04:06,634 INFO     ___FILE_ONLY___  
2025-07-24 16:04:06,634 INFO     ___FILE_ONLY___ │ 
2025-07-24 16:04:06,634 INFO     ___FILE_ONLY___ managed-flink-client        
2025-07-24 16:04:06,634 INFO     ___FILE_ONLY___  
2025-07-24 16:04:06,634 INFO     ___FILE_ONLY___ │ 
2025-07-24 16:04:06,634 INFO     ___FILE_ONLY___ 383.4 MiB
2025-07-24 16:04:06,634 INFO     ___FILE_ONLY___  
2025-07-24 16:04:06,634 INFO     ___FILE_ONLY___ │
2025-07-24 16:04:06,634 INFO     ___FILE_ONLY___ 

2025-07-24 16:04:06,634 INFO     ___FILE_ONLY___ │ 
2025-07-24 16:04:06,634 INFO     ___FILE_ONLY___ Not Installed
2025-07-24 16:04:06,634 INFO     ___FILE_ONLY___  
2025-07-24 16:04:06,634 INFO     ___FILE_ONLY___ │ 
2025-07-24 16:04:06,634 INFO     ___FILE_ONLY___ Minikube                                            
2025-07-24 16:04:06,634 INFO     ___FILE_ONLY___  
2025-07-24 16:04:06,634 INFO     ___FILE_ONLY___ │ 
2025-07-24 16:04:06,634 INFO     ___FILE_ONLY___ minikube                    
2025-07-24 16:04:06,634 INFO     ___FILE_ONLY___  
2025-07-24 16:04:06,634 INFO     ___FILE_ONLY___ │ 
2025-07-24 16:04:06,634 INFO     ___FILE_ONLY___  45.9 MiB
2025-07-24 16:04:06,634 INFO     ___FILE_ONLY___  
2025-07-24 16:04:06,634 INFO     ___FILE_ONLY___ │
2025-07-24 16:04:06,634 INFO     ___FILE_ONLY___ 

2025-07-24 16:04:06,634 INFO     ___FILE_ONLY___ │ 
2025-07-24 16:04:06,634 INFO     ___FILE_ONLY___ Not Installed
2025-07-24 16:04:06,634 INFO     ___FILE_ONLY___  
2025-07-24 16:04:06,634 INFO     ___FILE_ONLY___ │ 
2025-07-24 16:04:06,634 INFO     ___FILE_ONLY___ Nomos CLI                                           
2025-07-24 16:04:06,634 INFO     ___FILE_ONLY___  
2025-07-24 16:04:06,634 INFO     ___FILE_ONLY___ │ 
2025-07-24 16:04:06,634 INFO     ___FILE_ONLY___ nomos                       
2025-07-24 16:04:06,634 INFO     ___FILE_ONLY___  
2025-07-24 16:04:06,634 INFO     ___FILE_ONLY___ │ 
2025-07-24 16:04:06,634 INFO     ___FILE_ONLY___  33.5 MiB
2025-07-24 16:04:06,634 INFO     ___FILE_ONLY___  
2025-07-24 16:04:06,635 INFO     ___FILE_ONLY___ │
2025-07-24 16:04:06,635 INFO     ___FILE_ONLY___ 

2025-07-24 16:04:06,635 INFO     ___FILE_ONLY___ │ 
2025-07-24 16:04:06,635 INFO     ___FILE_ONLY___ Not Installed
2025-07-24 16:04:06,635 INFO     ___FILE_ONLY___  
2025-07-24 16:04:06,635 INFO     ___FILE_ONLY___ │ 
2025-07-24 16:04:06,635 INFO     ___FILE_ONLY___ On-Demand Scanning API extraction helper            
2025-07-24 16:04:06,635 INFO     ___FILE_ONLY___  
2025-07-24 16:04:06,635 INFO     ___FILE_ONLY___ │ 
2025-07-24 16:04:06,635 INFO     ___FILE_ONLY___ local-extract               
2025-07-24 16:04:06,635 INFO     ___FILE_ONLY___  
2025-07-24 16:04:06,635 INFO     ___FILE_ONLY___ │ 
2025-07-24 16:04:06,635 INFO     ___FILE_ONLY___  22.4 MiB
2025-07-24 16:04:06,635 INFO     ___FILE_ONLY___  
2025-07-24 16:04:06,635 INFO     ___FILE_ONLY___ │
2025-07-24 16:04:06,635 INFO     ___FILE_ONLY___ 

2025-07-24 16:04:06,635 INFO     ___FILE_ONLY___ │ 
2025-07-24 16:04:06,635 INFO     ___FILE_ONLY___ Not Installed
2025-07-24 16:04:06,635 INFO     ___FILE_ONLY___  
2025-07-24 16:04:06,635 INFO     ___FILE_ONLY___ │ 
2025-07-24 16:04:06,635 INFO     ___FILE_ONLY___ Skaffold                                            
2025-07-24 16:04:06,635 INFO     ___FILE_ONLY___  
2025-07-24 16:04:06,635 INFO     ___FILE_ONLY___ │ 
2025-07-24 16:04:06,635 INFO     ___FILE_ONLY___ skaffold                    
2025-07-24 16:04:06,635 INFO     ___FILE_ONLY___  
2025-07-24 16:04:06,635 INFO     ___FILE_ONLY___ │ 
2025-07-24 16:04:06,635 INFO     ___FILE_ONLY___  34.1 MiB
2025-07-24 16:04:06,635 INFO     ___FILE_ONLY___  
2025-07-24 16:04:06,635 INFO     ___FILE_ONLY___ │
2025-07-24 16:04:06,635 INFO     ___FILE_ONLY___ 

2025-07-24 16:04:06,635 INFO     ___FILE_ONLY___ │ 
2025-07-24 16:04:06,635 INFO     ___FILE_ONLY___ Not Installed
2025-07-24 16:04:06,635 INFO     ___FILE_ONLY___  
2025-07-24 16:04:06,635 INFO     ___FILE_ONLY___ │ 
2025-07-24 16:04:06,635 INFO     ___FILE_ONLY___ Spanner Cli                                         
2025-07-24 16:04:06,635 INFO     ___FILE_ONLY___  
2025-07-24 16:04:06,635 INFO     ___FILE_ONLY___ │ 
2025-07-24 16:04:06,635 INFO     ___FILE_ONLY___ spanner-cli                 
2025-07-24 16:04:06,635 INFO     ___FILE_ONLY___  
2025-07-24 16:04:06,635 INFO     ___FILE_ONLY___ │ 
2025-07-24 16:04:06,635 INFO     ___FILE_ONLY___  12.1 MiB
2025-07-24 16:04:06,635 INFO     ___FILE_ONLY___  
2025-07-24 16:04:06,635 INFO     ___FILE_ONLY___ │
2025-07-24 16:04:06,635 INFO     ___FILE_ONLY___ 

2025-07-24 16:04:06,635 INFO     ___FILE_ONLY___ │ 
2025-07-24 16:04:06,635 INFO     ___FILE_ONLY___ Not Installed
2025-07-24 16:04:06,635 INFO     ___FILE_ONLY___  
2025-07-24 16:04:06,635 INFO     ___FILE_ONLY___ │ 
2025-07-24 16:04:06,635 INFO     ___FILE_ONLY___ Terraform Tools                                     
2025-07-24 16:04:06,635 INFO     ___FILE_ONLY___  
2025-07-24 16:04:06,636 INFO     ___FILE_ONLY___ │ 
2025-07-24 16:04:06,636 INFO     ___FILE_ONLY___ terraform-tools             
2025-07-24 16:04:06,636 INFO     ___FILE_ONLY___  
2025-07-24 16:04:06,636 INFO     ___FILE_ONLY___ │ 
2025-07-24 16:04:06,636 INFO     ___FILE_ONLY___  64.0 MiB
2025-07-24 16:04:06,636 INFO     ___FILE_ONLY___  
2025-07-24 16:04:06,636 INFO     ___FILE_ONLY___ │
2025-07-24 16:04:06,636 INFO     ___FILE_ONLY___ 

2025-07-24 16:04:06,636 INFO     ___FILE_ONLY___ │ 
2025-07-24 16:04:06,636 INFO     ___FILE_ONLY___ Not Installed
2025-07-24 16:04:06,636 INFO     ___FILE_ONLY___  
2025-07-24 16:04:06,636 INFO     ___FILE_ONLY___ │ 
2025-07-24 16:04:06,636 INFO     ___FILE_ONLY___ anthos-auth                                         
2025-07-24 16:04:06,636 INFO     ___FILE_ONLY___  
2025-07-24 16:04:06,636 INFO     ___FILE_ONLY___ │ 
2025-07-24 16:04:06,636 INFO     ___FILE_ONLY___ anthos-auth                 
2025-07-24 16:04:06,636 INFO     ___FILE_ONLY___  
2025-07-24 16:04:06,636 INFO     ___FILE_ONLY___ │ 
2025-07-24 16:04:06,636 INFO     ___FILE_ONLY___  20.9 MiB
2025-07-24 16:04:06,636 INFO     ___FILE_ONLY___  
2025-07-24 16:04:06,636 INFO     ___FILE_ONLY___ │
2025-07-24 16:04:06,636 INFO     ___FILE_ONLY___ 

2025-07-24 16:04:06,636 INFO     ___FILE_ONLY___ │ 
2025-07-24 16:04:06,636 INFO     ___FILE_ONLY___ Not Installed
2025-07-24 16:04:06,636 INFO     ___FILE_ONLY___  
2025-07-24 16:04:06,636 INFO     ___FILE_ONLY___ │ 
2025-07-24 16:04:06,636 INFO     ___FILE_ONLY___ config-connector                                    
2025-07-24 16:04:06,636 INFO     ___FILE_ONLY___  
2025-07-24 16:04:06,636 INFO     ___FILE_ONLY___ │ 
2025-07-24 16:04:06,636 INFO     ___FILE_ONLY___ config-connector            
2025-07-24 16:04:06,636 INFO     ___FILE_ONLY___  
2025-07-24 16:04:06,636 INFO     ___FILE_ONLY___ │ 
2025-07-24 16:04:06,636 INFO     ___FILE_ONLY___ 130.7 MiB
2025-07-24 16:04:06,636 INFO     ___FILE_ONLY___  
2025-07-24 16:04:06,636 INFO     ___FILE_ONLY___ │
2025-07-24 16:04:06,636 INFO     ___FILE_ONLY___ 

2025-07-24 16:04:06,636 INFO     ___FILE_ONLY___ │ 
2025-07-24 16:04:06,636 INFO     ___FILE_ONLY___ Not Installed
2025-07-24 16:04:06,636 INFO     ___FILE_ONLY___  
2025-07-24 16:04:06,636 INFO     ___FILE_ONLY___ │ 
2025-07-24 16:04:06,636 INFO     ___FILE_ONLY___ enterprise-certificate-proxy                        
2025-07-24 16:04:06,636 INFO     ___FILE_ONLY___  
2025-07-24 16:04:06,636 INFO     ___FILE_ONLY___ │ 
2025-07-24 16:04:06,636 INFO     ___FILE_ONLY___ enterprise-certificate-proxy
2025-07-24 16:04:06,636 INFO     ___FILE_ONLY___  
2025-07-24 16:04:06,636 INFO     ___FILE_ONLY___ │ 
2025-07-24 16:04:06,636 INFO     ___FILE_ONLY___   7.6 MiB
2025-07-24 16:04:06,636 INFO     ___FILE_ONLY___  
2025-07-24 16:04:06,636 INFO     ___FILE_ONLY___ │
2025-07-24 16:04:06,636 INFO     ___FILE_ONLY___ 

2025-07-24 16:04:06,636 INFO     ___FILE_ONLY___ │ 
2025-07-24 16:04:06,636 INFO     ___FILE_ONLY___ Not Installed
2025-07-24 16:04:06,637 INFO     ___FILE_ONLY___  
2025-07-24 16:04:06,637 INFO     ___FILE_ONLY___ │ 
2025-07-24 16:04:06,637 INFO     ___FILE_ONLY___ gcloud Alpha Commands                               
2025-07-24 16:04:06,637 INFO     ___FILE_ONLY___  
2025-07-24 16:04:06,637 INFO     ___FILE_ONLY___ │ 
2025-07-24 16:04:06,637 INFO     ___FILE_ONLY___ alpha                       
2025-07-24 16:04:06,637 INFO     ___FILE_ONLY___  
2025-07-24 16:04:06,637 INFO     ___FILE_ONLY___ │ 
2025-07-24 16:04:06,637 INFO     ___FILE_ONLY___   < 1 MiB
2025-07-24 16:04:06,637 INFO     ___FILE_ONLY___  
2025-07-24 16:04:06,637 INFO     ___FILE_ONLY___ │
2025-07-24 16:04:06,637 INFO     ___FILE_ONLY___ 

2025-07-24 16:04:06,637 INFO     ___FILE_ONLY___ │ 
2025-07-24 16:04:06,637 INFO     ___FILE_ONLY___ Not Installed
2025-07-24 16:04:06,637 INFO     ___FILE_ONLY___  
2025-07-24 16:04:06,637 INFO     ___FILE_ONLY___ │ 
2025-07-24 16:04:06,637 INFO     ___FILE_ONLY___ gcloud Beta Commands                                
2025-07-24 16:04:06,637 INFO     ___FILE_ONLY___  
2025-07-24 16:04:06,637 INFO     ___FILE_ONLY___ │ 
2025-07-24 16:04:06,637 INFO     ___FILE_ONLY___ beta                        
2025-07-24 16:04:06,637 INFO     ___FILE_ONLY___  
2025-07-24 16:04:06,637 INFO     ___FILE_ONLY___ │ 
2025-07-24 16:04:06,637 INFO     ___FILE_ONLY___   < 1 MiB
2025-07-24 16:04:06,637 INFO     ___FILE_ONLY___  
2025-07-24 16:04:06,637 INFO     ___FILE_ONLY___ │
2025-07-24 16:04:06,637 INFO     ___FILE_ONLY___ 

2025-07-24 16:04:06,637 INFO     ___FILE_ONLY___ │ 
2025-07-24 16:04:06,637 INFO     ___FILE_ONLY___ Not Installed
2025-07-24 16:04:06,637 INFO     ___FILE_ONLY___  
2025-07-24 16:04:06,637 INFO     ___FILE_ONLY___ │ 
2025-07-24 16:04:06,637 INFO     ___FILE_ONLY___ gcloud app Java Extensions                          
2025-07-24 16:04:06,637 INFO     ___FILE_ONLY___  
2025-07-24 16:04:06,637 INFO     ___FILE_ONLY___ │ 
2025-07-24 16:04:06,637 INFO     ___FILE_ONLY___ app-engine-java             
2025-07-24 16:04:06,637 INFO     ___FILE_ONLY___  
2025-07-24 16:04:06,637 INFO     ___FILE_ONLY___ │ 
2025-07-24 16:04:06,637 INFO     ___FILE_ONLY___ 137.0 MiB
2025-07-24 16:04:06,637 INFO     ___FILE_ONLY___  
2025-07-24 16:04:06,637 INFO     ___FILE_ONLY___ │
2025-07-24 16:04:06,637 INFO     ___FILE_ONLY___ 

2025-07-24 16:04:06,637 INFO     ___FILE_ONLY___ │ 
2025-07-24 16:04:06,637 INFO     ___FILE_ONLY___ Not Installed
2025-07-24 16:04:06,637 INFO     ___FILE_ONLY___  
2025-07-24 16:04:06,637 INFO     ___FILE_ONLY___ │ 
2025-07-24 16:04:06,637 INFO     ___FILE_ONLY___ gcloud app Python Extensions                        
2025-07-24 16:04:06,637 INFO     ___FILE_ONLY___  
2025-07-24 16:04:06,637 INFO     ___FILE_ONLY___ │ 
2025-07-24 16:04:06,637 INFO     ___FILE_ONLY___ app-engine-python           
2025-07-24 16:04:06,637 INFO     ___FILE_ONLY___  
2025-07-24 16:04:06,637 INFO     ___FILE_ONLY___ │ 
2025-07-24 16:04:06,637 INFO     ___FILE_ONLY___   3.8 MiB
2025-07-24 16:04:06,638 INFO     ___FILE_ONLY___  
2025-07-24 16:04:06,638 INFO     ___FILE_ONLY___ │
2025-07-24 16:04:06,638 INFO     ___FILE_ONLY___ 

2025-07-24 16:04:06,638 INFO     ___FILE_ONLY___ │ 
2025-07-24 16:04:06,638 INFO     ___FILE_ONLY___ Not Installed
2025-07-24 16:04:06,638 INFO     ___FILE_ONLY___  
2025-07-24 16:04:06,638 INFO     ___FILE_ONLY___ │ 
2025-07-24 16:04:06,638 INFO     ___FILE_ONLY___ gcloud app Python Extensions (Extra Libraries)      
2025-07-24 16:04:06,638 INFO     ___FILE_ONLY___  
2025-07-24 16:04:06,638 INFO     ___FILE_ONLY___ │ 
2025-07-24 16:04:06,638 INFO     ___FILE_ONLY___ app-engine-python-extras    
2025-07-24 16:04:06,638 INFO     ___FILE_ONLY___  
2025-07-24 16:04:06,638 INFO     ___FILE_ONLY___ │ 
2025-07-24 16:04:06,638 INFO     ___FILE_ONLY___   < 1 MiB
2025-07-24 16:04:06,638 INFO     ___FILE_ONLY___  
2025-07-24 16:04:06,638 INFO     ___FILE_ONLY___ │
2025-07-24 16:04:06,638 INFO     ___FILE_ONLY___ 

2025-07-24 16:04:06,638 INFO     ___FILE_ONLY___ │ 
2025-07-24 16:04:06,638 INFO     ___FILE_ONLY___ Not Installed
2025-07-24 16:04:06,638 INFO     ___FILE_ONLY___  
2025-07-24 16:04:06,638 INFO     ___FILE_ONLY___ │ 
2025-07-24 16:04:06,638 INFO     ___FILE_ONLY___ gke-gcloud-auth-plugin                              
2025-07-24 16:04:06,638 INFO     ___FILE_ONLY___  
2025-07-24 16:04:06,638 INFO     ___FILE_ONLY___ │ 
2025-07-24 16:04:06,638 INFO     ___FILE_ONLY___ gke-gcloud-auth-plugin      
2025-07-24 16:04:06,638 INFO     ___FILE_ONLY___  
2025-07-24 16:04:06,638 INFO     ___FILE_ONLY___ │ 
2025-07-24 16:04:06,638 INFO     ___FILE_ONLY___   3.3 MiB
2025-07-24 16:04:06,638 INFO     ___FILE_ONLY___  
2025-07-24 16:04:06,638 INFO     ___FILE_ONLY___ │
2025-07-24 16:04:06,638 INFO     ___FILE_ONLY___ 

2025-07-24 16:04:06,638 INFO     ___FILE_ONLY___ │ 
2025-07-24 16:04:06,638 INFO     ___FILE_ONLY___ Not Installed
2025-07-24 16:04:06,638 INFO     ___FILE_ONLY___  
2025-07-24 16:04:06,638 INFO     ___FILE_ONLY___ │ 
2025-07-24 16:04:06,638 INFO     ___FILE_ONLY___ istioctl                                            
2025-07-24 16:04:06,638 INFO     ___FILE_ONLY___  
2025-07-24 16:04:06,638 INFO     ___FILE_ONLY___ │ 
2025-07-24 16:04:06,638 INFO     ___FILE_ONLY___ istioctl                    
2025-07-24 16:04:06,638 INFO     ___FILE_ONLY___  
2025-07-24 16:04:06,638 INFO     ___FILE_ONLY___ │ 
2025-07-24 16:04:06,638 INFO     ___FILE_ONLY___  24.9 MiB
2025-07-24 16:04:06,638 INFO     ___FILE_ONLY___  
2025-07-24 16:04:06,638 INFO     ___FILE_ONLY___ │
2025-07-24 16:04:06,638 INFO     ___FILE_ONLY___ 

2025-07-24 16:04:06,638 INFO     ___FILE_ONLY___ │ 
2025-07-24 16:04:06,638 INFO     ___FILE_ONLY___ Not Installed
2025-07-24 16:04:06,638 INFO     ___FILE_ONLY___  
2025-07-24 16:04:06,638 INFO     ___FILE_ONLY___ │ 
2025-07-24 16:04:06,638 INFO     ___FILE_ONLY___ kpt                                                 
2025-07-24 16:04:06,638 INFO     ___FILE_ONLY___  
2025-07-24 16:04:06,638 INFO     ___FILE_ONLY___ │ 
2025-07-24 16:04:06,638 INFO     ___FILE_ONLY___ kpt                         
2025-07-24 16:04:06,639 INFO     ___FILE_ONLY___  
2025-07-24 16:04:06,639 INFO     ___FILE_ONLY___ │ 
2025-07-24 16:04:06,639 INFO     ___FILE_ONLY___  14.5 MiB
2025-07-24 16:04:06,639 INFO     ___FILE_ONLY___  
2025-07-24 16:04:06,639 INFO     ___FILE_ONLY___ │
2025-07-24 16:04:06,639 INFO     ___FILE_ONLY___ 

2025-07-24 16:04:06,639 INFO     ___FILE_ONLY___ │ 
2025-07-24 16:04:06,639 INFO     ___FILE_ONLY___ Not Installed
2025-07-24 16:04:06,639 INFO     ___FILE_ONLY___  
2025-07-24 16:04:06,639 INFO     ___FILE_ONLY___ │ 
2025-07-24 16:04:06,639 INFO     ___FILE_ONLY___ kubectl                                             
2025-07-24 16:04:06,639 INFO     ___FILE_ONLY___  
2025-07-24 16:04:06,639 INFO     ___FILE_ONLY___ │ 
2025-07-24 16:04:06,639 INFO     ___FILE_ONLY___ kubectl                     
2025-07-24 16:04:06,639 INFO     ___FILE_ONLY___  
2025-07-24 16:04:06,639 INFO     ___FILE_ONLY___ │ 
2025-07-24 16:04:06,639 INFO     ___FILE_ONLY___   < 1 MiB
2025-07-24 16:04:06,639 INFO     ___FILE_ONLY___  
2025-07-24 16:04:06,639 INFO     ___FILE_ONLY___ │
2025-07-24 16:04:06,639 INFO     ___FILE_ONLY___ 

2025-07-24 16:04:06,639 INFO     ___FILE_ONLY___ │ 
2025-07-24 16:04:06,639 INFO     ___FILE_ONLY___ Not Installed
2025-07-24 16:04:06,639 INFO     ___FILE_ONLY___  
2025-07-24 16:04:06,639 INFO     ___FILE_ONLY___ │ 
2025-07-24 16:04:06,639 INFO     ___FILE_ONLY___ kubectl-oidc                                        
2025-07-24 16:04:06,639 INFO     ___FILE_ONLY___  
2025-07-24 16:04:06,639 INFO     ___FILE_ONLY___ │ 
2025-07-24 16:04:06,639 INFO     ___FILE_ONLY___ kubectl-oidc                
2025-07-24 16:04:06,639 INFO     ___FILE_ONLY___  
2025-07-24 16:04:06,639 INFO     ___FILE_ONLY___ │ 
2025-07-24 16:04:06,639 INFO     ___FILE_ONLY___  20.9 MiB
2025-07-24 16:04:06,639 INFO     ___FILE_ONLY___  
2025-07-24 16:04:06,639 INFO     ___FILE_ONLY___ │
2025-07-24 16:04:06,639 INFO     ___FILE_ONLY___ 

2025-07-24 16:04:06,639 INFO     ___FILE_ONLY___ │ 
2025-07-24 16:04:06,639 INFO     ___FILE_ONLY___ Not Installed
2025-07-24 16:04:06,639 INFO     ___FILE_ONLY___  
2025-07-24 16:04:06,639 INFO     ___FILE_ONLY___ │ 
2025-07-24 16:04:06,639 INFO     ___FILE_ONLY___ pkg                                                 
2025-07-24 16:04:06,639 INFO     ___FILE_ONLY___  
2025-07-24 16:04:06,639 INFO     ___FILE_ONLY___ │ 
2025-07-24 16:04:06,639 INFO     ___FILE_ONLY___ pkg                         
2025-07-24 16:04:06,639 INFO     ___FILE_ONLY___  
2025-07-24 16:04:06,639 INFO     ___FILE_ONLY___ │ 
2025-07-24 16:04:06,639 INFO     ___FILE_ONLY___          
2025-07-24 16:04:06,639 INFO     ___FILE_ONLY___  
2025-07-24 16:04:06,639 INFO     ___FILE_ONLY___ │
2025-07-24 16:04:06,639 INFO     ___FILE_ONLY___ 

2025-07-24 16:04:06,639 INFO     ___FILE_ONLY___ │ 
2025-07-24 16:04:06,639 INFO     ___FILE_ONLY___ Installed    
2025-07-24 16:04:06,640 INFO     ___FILE_ONLY___  
2025-07-24 16:04:06,640 INFO     ___FILE_ONLY___ │ 
2025-07-24 16:04:06,640 INFO     ___FILE_ONLY___ BigQuery Command Line Tool                          
2025-07-24 16:04:06,640 INFO     ___FILE_ONLY___  
2025-07-24 16:04:06,640 INFO     ___FILE_ONLY___ │ 
2025-07-24 16:04:06,640 INFO     ___FILE_ONLY___ bq                          
2025-07-24 16:04:06,640 INFO     ___FILE_ONLY___  
2025-07-24 16:04:06,640 INFO     ___FILE_ONLY___ │ 
2025-07-24 16:04:06,640 INFO     ___FILE_ONLY___   1.8 MiB
2025-07-24 16:04:06,640 INFO     ___FILE_ONLY___  
2025-07-24 16:04:06,640 INFO     ___FILE_ONLY___ │
2025-07-24 16:04:06,640 INFO     ___FILE_ONLY___ 

2025-07-24 16:04:06,640 INFO     ___FILE_ONLY___ │ 
2025-07-24 16:04:06,640 INFO     ___FILE_ONLY___ Installed    
2025-07-24 16:04:06,640 INFO     ___FILE_ONLY___  
2025-07-24 16:04:06,640 INFO     ___FILE_ONLY___ │ 
2025-07-24 16:04:06,640 INFO     ___FILE_ONLY___ Cloud Storage Command Line Tool                     
2025-07-24 16:04:06,640 INFO     ___FILE_ONLY___  
2025-07-24 16:04:06,640 INFO     ___FILE_ONLY___ │ 
2025-07-24 16:04:06,640 INFO     ___FILE_ONLY___ gsutil                      
2025-07-24 16:04:06,640 INFO     ___FILE_ONLY___  
2025-07-24 16:04:06,640 INFO     ___FILE_ONLY___ │ 
2025-07-24 16:04:06,640 INFO     ___FILE_ONLY___  12.4 MiB
2025-07-24 16:04:06,640 INFO     ___FILE_ONLY___  
2025-07-24 16:04:06,640 INFO     ___FILE_ONLY___ │
2025-07-24 16:04:06,640 INFO     ___FILE_ONLY___ 

2025-07-24 16:04:06,640 INFO     ___FILE_ONLY___ │ 
2025-07-24 16:04:06,640 INFO     ___FILE_ONLY___ Installed    
2025-07-24 16:04:06,640 INFO     ___FILE_ONLY___  
2025-07-24 16:04:06,640 INFO     ___FILE_ONLY___ │ 
2025-07-24 16:04:06,640 INFO     ___FILE_ONLY___ Google Cloud CLI Core Libraries                     
2025-07-24 16:04:06,640 INFO     ___FILE_ONLY___  
2025-07-24 16:04:06,640 INFO     ___FILE_ONLY___ │ 
2025-07-24 16:04:06,640 INFO     ___FILE_ONLY___ core                        
2025-07-24 16:04:06,640 INFO     ___FILE_ONLY___  
2025-07-24 16:04:06,640 INFO     ___FILE_ONLY___ │ 
2025-07-24 16:04:06,640 INFO     ___FILE_ONLY___  22.1 MiB
2025-07-24 16:04:06,640 INFO     ___FILE_ONLY___  
2025-07-24 16:04:06,640 INFO     ___FILE_ONLY___ │
2025-07-24 16:04:06,640 INFO     ___FILE_ONLY___ 

2025-07-24 16:04:06,640 INFO     ___FILE_ONLY___ │ 
2025-07-24 16:04:06,640 INFO     ___FILE_ONLY___ Installed    
2025-07-24 16:04:06,640 INFO     ___FILE_ONLY___  
2025-07-24 16:04:06,640 INFO     ___FILE_ONLY___ │ 
2025-07-24 16:04:06,640 INFO     ___FILE_ONLY___ Google Cloud CRC32C Hash Tool                       
2025-07-24 16:04:06,640 INFO     ___FILE_ONLY___  
2025-07-24 16:04:06,640 INFO     ___FILE_ONLY___ │ 
2025-07-24 16:04:06,640 INFO     ___FILE_ONLY___ gcloud-crc32c               
2025-07-24 16:04:06,640 INFO     ___FILE_ONLY___  
2025-07-24 16:04:06,640 INFO     ___FILE_ONLY___ │ 
2025-07-24 16:04:06,641 INFO     ___FILE_ONLY___   1.4 MiB
2025-07-24 16:04:06,641 INFO     ___FILE_ONLY___  
2025-07-24 16:04:06,641 INFO     ___FILE_ONLY___ │
2025-07-24 16:04:06,641 INFO     ___FILE_ONLY___ 

2025-07-24 16:04:06,641 INFO     ___FILE_ONLY___ └───────────────┴──────────────────────────────────────────────────────┴──────────────────────────────┴───────────┘
2025-07-24 16:04:06,641 INFO     ___FILE_ONLY___ 

2025-07-24 16:04:06,641 INFO     ___FILE_ONLY___ To install or remove components at your current Google Cloud CLI version [531.0.0], run:
  $ gcloud components install COMPONENT_ID
  $ gcloud components remove COMPONENT_ID

To update your Google Cloud CLI installation to the latest version [531.0.0], run:
  $ gcloud components update


2025-07-24 16:04:38,960 DEBUG    root            Executing command: ['xcode-select', '-p']
2025-07-24 16:04:38,986 DEBUG    root            Executing command: ['curl', '--silent', '-O', 'https://dl.google.com/dl/cloudsdk/channels/rapid/python-3.12.8-macos11.tar.gz']
2025-07-24 16:04:39,960 DEBUG    root            Executing command: ['tar', '-xf', 'python-3.12.8-macos11.tar.gz']
2025-07-24 16:04:39,998 DEBUG    root            Executing command: ['sudo', 'installer', '-target', '/', '-pkg', './python-3.12.8-macos11.pkg']
2025-07-24 16:04:49,471 DEBUG    root            Loaded Command Group: ['gcloud']
2025-07-24 16:04:49,474 DEBUG    root            Loaded Command Group: ['gcloud', 'container']
2025-07-24 16:04:49,475 DEBUG    root            Loaded Command Group: ['gcloud', 'bigtable']
2025-07-24 16:04:49,476 DEBUG    root            Loaded Command Group: ['gcloud', 'config']
2025-07-24 16:04:49,477 DEBUG    root            Loaded Command Group: ['gcloud', 'config', 'virtualenv']
2025-07-24 16:04:49,483 DEBUG    root            Loaded Command Group: ['gcloud', 'config', 'virtualenv', 'create']
2025-07-24 16:04:49,485 DEBUG    root            Running [gcloud.config.virtualenv.create] with arguments: [--python-to-use: "/Library/Frameworks/Python.framework/Versions/3.12/bin/python3"]
2025-07-24 16:04:49,485 INFO     ___FILE_ONLY___ Creating virtualenv...

2025-07-24 16:04:49,485 DEBUG    root            Executing command: ['/Library/Frameworks/Python.framework/Versions/3.12/bin/python3', '-m', 'venv', '/Users/austinwasson/.config/gcloud/virtenv']
2025-07-24 16:04:50,596 DEBUG    ___FILE_ONLY___ 
2025-07-24 16:04:50,597 DEBUG    ___FILE_ONLY___ 
2025-07-24 16:04:50,597 INFO     ___FILE_ONLY___ Installing modules...

2025-07-24 16:04:50,597 DEBUG    root            Executing command: ['/Users/austinwasson/.config/gcloud/virtenv/bin/pip3', 'install', '--log', '/Users/austinwasson/.config/gcloud/virtenv/install_module.log', '-q', '--disable-pip-version-check', 'crcmod', 'grpcio', 'pyopenssl==24.2.1', 'google_crc32c', 'certifi', 'https://github.com/googleapis/enterprise-certificate-proxy/releases/download/v0.3.6/cryptography-42.0.7-cp39-abi3-macosx_10_12_universal2.whl', 'setuptools']
2025-07-24 16:04:55,427 DEBUG    root            Chosen display Format:default
2025-07-24 16:04:55,428 INFO     root            Display format: "default"
2025-07-24 16:04:55,428 DEBUG    root            Checking for updates...
2025-07-24 16:04:55,431 DEBUG    urllib3.connectionpool Starting new HTTPS connection (1): dl.google.com:443
2025-07-24 16:04:55,558 DEBUG    urllib3.connectionpool https://dl.google.com:443 "GET /dl/cloudsdk/channels/rapid/components-2.json HTTP/11" 200 239806
2025-07-24 16:04:55,643 DEBUG    root            Updating notification cache...
2025-07-24 16:04:55,646 DEBUG    root            Loaded Command Group: ['gcloud', 'config', 'virtualenv', 'enable']
2025-07-24 16:04:55,647 DEBUG    root            Running [gcloud.config.virtualenv.enable] with arguments: []
2025-07-24 16:04:55,648 INFO     ___FILE_ONLY___ Virtual env enabled.

2025-07-24 16:04:55,648 DEBUG    root            Chosen display Format:default
2025-07-24 16:04:55,648 INFO     root            Display format: "default"
