2025-07-24 16:05:35,113 DEBUG    root            Loaded Command Group: ['gcloud', 'init']
2025-07-24 16:05:35,114 DEBUG    root            Running [gcloud.init] with arguments: []
2025-07-24 16:05:35,114 INFO     ___FILE_ONLY___ Welcome! This command will take you through the configuration of gcloud.


2025-07-24 16:05:35,114 INFO     ___FILE_ONLY___ Your current configuration has been set to: [default]


2025-07-24 16:05:35,114 INFO     ___FILE_ONLY___ You can skip diagnostics next time by using the following flag:

2025-07-24 16:05:35,115 INFO     ___FILE_ONLY___   gcloud init --skip-diagnostics


2025-07-24 16:05:35,115 INFO     ___FILE_ONLY___ Network diagnostic detects and fixes local network connection issues.

2025-07-24 16:05:35,115 INFO     ___FILE_ONLY___ Checking network connection...
2025-07-24 16:05:36,139 DEBUG    urllib3.connectionpool Starting new HTTPS connection (1): accounts.google.com:443
2025-07-24 16:05:36,245 DEBUG    urllib3.connectionpool https://accounts.google.com:443 "GET / HTTP/11" 302 365
2025-07-24 16:05:36,285 DEBUG    urllib3.connectionpool https://accounts.google.com:443 "GET /ServiceLogin?passive=1209600&continue=https%3A%2F%2Faccounts.google.com%2F&followup=https%3A%2F%2Faccounts.google.com%2F HTTP/11" 302 0
2025-07-24 16:05:36,344 DEBUG    urllib3.connectionpool https://accounts.google.com:443 "GET /InteractiveLogin?continue=https://accounts.google.com/&followup=https://accounts.google.com/&passive=1209600&ifkv=AdBytiOJlPBCZVF5gmn3gg4zyYqEwB5ks8uwSXgZgEnQtJI5K1hqKnxksaiCHSKKu0Y0_w2GMJ-N9Q HTTP/11" 302 554
2025-07-24 16:05:36,398 DEBUG    urllib3.connectionpool https://accounts.google.com:443 "GET /v3/signin/identifier?continue=https%3A%2F%2Faccounts.google.com%2F&followup=https%3A%2F%2Faccounts.google.com%2F&ifkv=AdBytiNCdleq3yUGVqkPJtOMN0PnlnqRdXkYdO83P7dOYkzgBFbxHGXVY1kJ9PNooy38g02PHvhFFg&passive=1209600&flowName=WebLiteSignIn&flowEntry=ServiceLogin&dsh=S1262290412%3A1753394736493314 HTTP/11" 200 None
2025-07-24 16:05:36,477 DEBUG    urllib3.connectionpool Starting new HTTPS connection (1): cloudresourcemanager.googleapis.com:443
2025-07-24 16:05:36,575 DEBUG    urllib3.connectionpool https://cloudresourcemanager.googleapis.com:443 "GET /v1beta1/projects HTTP/11" 401 None
2025-07-24 16:05:36,582 DEBUG    urllib3.connectionpool Starting new HTTPS connection (1): www.googleapis.com:443
2025-07-24 16:05:36,671 DEBUG    urllib3.connectionpool https://www.googleapis.com:443 "GET /auth/cloud-platform HTTP/11" 200 14
2025-07-24 16:05:36,676 DEBUG    urllib3.connectionpool Starting new HTTPS connection (1): dl.google.com:443
2025-07-24 16:05:36,787 DEBUG    urllib3.connectionpool https://dl.google.com:443 "GET /dl/cloudsdk/channels/rapid/components-2.json HTTP/11" 200 239806
2025-07-24 16:05:36,952 INFO     ___FILE_ONLY___ Reachability Check passed.

2025-07-24 16:05:36,953 INFO     ___FILE_ONLY___ Network diagnostic passed (1/1 checks passed).


2025-07-24 16:05:41,455 DEBUG    root            Loaded Command Group: ['gcloud', 'auth']
2025-07-24 16:05:41,468 DEBUG    root            Loaded Command Group: ['gcloud', 'auth', 'login']
2025-07-24 16:05:41,469 INFO     root            Executing: [gcloud auth login --force --brief]
2025-07-24 16:05:41,470 DEBUG    root            Running [gcloud.auth.login] with arguments: [--brief: "True", --force: "True"]
2025-07-24 16:05:45,150 DEBUG    requests_oauthlib.oauth2_session Generated new state 9BH5SyD5YnqwtWBre1KQeLHNclMOSY.
2025-07-24 16:05:45,249 INFO     ___FILE_ONLY___ Your browser has been opened to visit:

    https://accounts.google.com/o/oauth2/auth?response_type=code&client_id=32555940559.apps.googleusercontent.com&redirect_uri=http%3A%2F%2Flocalhost%3A8085%2F&scope=openid+https%3A%2F%2Fwww.googleapis.com%2Fauth%2Fuserinfo.email+https%3A%2F%2Fwww.googleapis.com%2Fauth%2Fcloud-platform+https%3A%2F%2Fwww.googleapis.com%2Fauth%2Fappengine.admin+https%3A%2F%2Fwww.googleapis.com%2Fauth%2Fsqlservice.login+https%3A%2F%2Fwww.googleapis.com%2Fauth%2Fcompute+https%3A%2F%2Fwww.googleapis.com%2Fauth%2Faccounts.reauth&state=9BH5SyD5YnqwtWBre1KQeLHNclMOSY&access_type=offline&code_challenge=5wnP4Ttos_wqn7WX5IQbUHLU4ag2C-1TPoxZl2BfOKQ&code_challenge_method=S256


2025-07-24 16:05:59,521 INFO     google_auth_oauthlib.flow "GET /?state=9BH5SyD5YnqwtWBre1KQeLHNclMOSY&code=4/0AVMBsJh3G4fZgM_y7DjKIHSc-ZWCSMGSD7qNEnnytFkjrsgN4T8suiIVIUib0P60fYIbSg&scope=email%20openid%20https://www.googleapis.com/auth/userinfo.email%20https://www.googleapis.com/auth/cloud-platform%20https://www.googleapis.com/auth/appengine.admin%20https://www.googleapis.com/auth/sqlservice.login%20https://www.googleapis.com/auth/compute%20https://www.googleapis.com/auth/accounts.reauth&authuser=1&hd=serviceup.com&prompt=consent HTTP/1.1" 200 937
2025-07-24 16:05:59,521 DEBUG    requests_oauthlib.oauth2_session Requesting url https://oauth2.googleapis.com/token using method POST.
2025-07-24 16:05:59,521 DEBUG    requests_oauthlib.oauth2_session Supplying headers {b'Accept': b'application/json', b'Content-Type': b'application/x-www-form-urlencoded;charset=UTF-8', b'user-agent': b'google-cloud-sdk gcloud/531.0.0 command/gcloud.auth.login invocation-id/51056fcab1e347f1aa99866ccfd2f534 environment/None environment-version/None client-os/MACOSX client-os-ver/24.5.0 client-pltf-arch/arm interactive/True from-script/False python/3.12.8 term/xterm-ghostty (Macintosh; Intel Mac OS X 24.5.0)'} and data {'grant_type': 'authorization_code', 'client_id': '32555940559.apps.googleusercontent.com', 'client_secret': 'ZmssLNjJy2998hD4CTg2ejr2', 'code': '4/0AVMBsJh3G4fZgM_y7DjKIHSc-ZWCSMGSD7qNEnnytFkjrsgN4T8suiIVIUib0P60fYIbSg', 'redirect_uri': 'http://localhost:8085/', 'code_verifier': 'hS9QzupLrUP3Oyeup6fHhI.iQR3R1_8OEagnn9_E4g0ON-lHgGTueuPVN6DaZzIVhheMMe-bUjOUn5M9fInn0Do_jVsP2ui.Pt47dbmAK3L2StC4dTn6Mf.jLw30L-7h'}
2025-07-24 16:05:59,521 DEBUG    requests_oauthlib.oauth2_session Passing through key word arguments {'json': None, 'timeout': None, 'auth': None, 'verify': None, 'proxies': None}.
2025-07-24 16:05:59,523 DEBUG    urllib3.connectionpool Starting new HTTPS connection (1): oauth2.googleapis.com:443
2025-07-24 16:05:59,715 DEBUG    urllib3.connectionpool https://oauth2.googleapis.com:443 "POST /token HTTP/11" 200 None
2025-07-24 16:05:59,717 DEBUG    requests_oauthlib.oauth2_session Prepared fetch token request body grant_type=authorization_code&client_id=32555940559.apps.googleusercontent.com&client_secret=ZmssLNjJy2998hD4CTg2ejr2&code=4%2F0AVMBsJh3G4fZgM_y7DjKIHSc-ZWCSMGSD7qNEnnytFkjrsgN4T8suiIVIUib0P60fYIbSg&redirect_uri=http%3A%2F%2Flocalhost%3A8085%2F&code_verifier=hS9QzupLrUP3Oyeup6fHhI.iQR3R1_8OEagnn9_E4g0ON-lHgGTueuPVN6DaZzIVhheMMe-bUjOUn5M9fInn0Do_jVsP2ui.Pt47dbmAK3L2StC4dTn6Mf.jLw30L-7h
2025-07-24 16:05:59,717 DEBUG    requests_oauthlib.oauth2_session Request to fetch token completed with status 200.
2025-07-24 16:05:59,717 DEBUG    requests_oauthlib.oauth2_session Request headers were {'user-agent': b'google-cloud-sdk gcloud/531.0.0 command/gcloud.auth.login invocation-id/51056fcab1e347f1aa99866ccfd2f534 environment/None environment-version/None client-os/MACOSX client-os-ver/24.5.0 client-pltf-arch/arm interactive/True from-script/False python/3.12.8 term/xterm-ghostty (Macintosh; Intel Mac OS X 24.5.0)', 'Accept-Encoding': 'gzip, deflate', 'Accept': b'application/json', 'Connection': 'keep-alive', 'Content-Type': b'application/x-www-form-urlencoded;charset=UTF-8', 'Content-Length': '387'}
2025-07-24 16:05:59,718 DEBUG    requests_oauthlib.oauth2_session Request body was grant_type=authorization_code&client_id=32555940559.apps.googleusercontent.com&client_secret=ZmssLNjJy2998hD4CTg2ejr2&code=4%2F0AVMBsJh3G4fZgM_y7DjKIHSc-ZWCSMGSD7qNEnnytFkjrsgN4T8suiIVIUib0P60fYIbSg&redirect_uri=http%3A%2F%2Flocalhost%3A8085%2F&code_verifier=hS9QzupLrUP3Oyeup6fHhI.iQR3R1_8OEagnn9_E4g0ON-lHgGTueuPVN6DaZzIVhheMMe-bUjOUn5M9fInn0Do_jVsP2ui.Pt47dbmAK3L2StC4dTn6Mf.jLw30L-7h
2025-07-24 16:05:59,718 DEBUG    requests_oauthlib.oauth2_session Response headers were {'Expires': 'Mon, 01 Jan 1990 00:00:00 GMT', 'Cache-Control': 'no-cache, no-store, max-age=0, must-revalidate', 'Date': 'Thu, 24 Jul 2025 22:05:59 GMT', 'Pragma': 'no-cache', 'Content-Type': 'application/json; charset=utf-8', 'Vary': 'Origin, X-Origin, Referer', 'Content-Encoding': 'gzip', 'Server': 'scaffolding on HTTPServer2', 'X-XSS-Protection': '0', 'X-Frame-Options': 'SAMEORIGIN', 'X-Content-Type-Options': 'nosniff', 'Alt-Svc': 'h3=":443"; ma=2592000,h3-29=":443"; ma=2592000', 'Transfer-Encoding': 'chunked'} and content {
  "access_token": "ya29.a0AS3H6NwT_cCtrYO_Bp6geOekRaJ8-DwbM2P__atlppmlGOYNDCip5Z_v8CEoc8npaZ0Gs4OX2JqTEUltfhI8RMhArMCFxkPlaOQTBTKksluD0dWIhDfRuuzXeidnKkeveiDaoSt6mKmKXOlkdzqDsvi3KdDX7jeQmmC6yJjIlQRpuQaCgYKAR0SARISFQHGX2MiCWEGo15zLetMcvcT4eitGA0181",
  "expires_in": 3599,
  "refresh_token": "1//04cW9xKGiNsVnCgYIARAAGAQSNwF-L9Ir-xfGEezOztWnEdATb6pxwXY9v4PrBPzcNg3h6e09bViY7CwNju8Qr3wylTR4UkmUFkk",
  "scope": "https://www.googleapis.com/auth/sqlservice.login https://www.googleapis.com/auth/cloud-platform https://www.googleapis.com/auth/userinfo.email openid https://www.googleapis.com/auth/appengine.admin https://www.googleapis.com/auth/accounts.reauth https://www.googleapis.com/auth/compute",
  "token_type": "Bearer",
  "id_token": "eyJhbGciOiJSUzI1NiIsImtpZCI6ImI1MDljNTEzODc2OGY3Y2YyZTgyN2UwNGIyN2U3ZTRjYmM3YmI5MTkiLCJ0eXAiOiJKV1QifQ.eyJpc3MiOiJodHRwczovL2FjY291bnRzLmdvb2dsZS5jb20iLCJhenAiOiIzMjU1NTk0MDU1OS5hcHBzLmdvb2dsZXVzZXJjb250ZW50LmNvbSIsImF1ZCI6IjMyNTU1OTQwNTU5LmFwcHMuZ29vZ2xldXNlcmNvbnRlbnQuY29tIiwic3ViIjoiMTEzOTgxNzY0MDU4NTQ5NDkzMzQyIiwiaGQiOiJzZXJ2aWNldXAuY29tIiwiZW1haWwiOiJhdXN0aW5Ac2VydmljZXVwLmNvbSIsImVtYWlsX3ZlcmlmaWVkIjp0cnVlLCJhdF9oYXNoIjoiWkgyZnVIYmY3TG1TQlF4OUlndGxsdyIsImlhdCI6MTc1MzM5NDc1OSwiZXhwIjoxNzUzMzk4MzU5fQ.d0XQtYnzplCgOY7YuVWhAoo2bWD8AsOiYyCmhhMoXdb7eD18QDAduJwKAOzG41dYsOvVwnHFwlXK6MAJYr3j9u18w0ngiREzc7Ffgg6TMbF4x8TX70CblvZIJH62rkZ_N_THmzCJWfPdJXilT1V_f2yQAE_H0qh-1gaKF2Xxm0XB-eQ1Oeof3EGof6cEYttdO80qno042AFQ0z7K7X9Eo6onJn-KYO8Vj3jyJP63-NJqIaClNU75BcobfShHmfSkEnM5sW8Pyo6v7L9pb6UFhFCfiUMcvW4PQ6AsIsKDaXgOey10K4zwbCpz1Oy1T5YECGj9vGEI0ndRjg2GD8lh9w"
}.
2025-07-24 16:05:59,718 DEBUG    requests_oauthlib.oauth2_session Invoking 0 token response hooks.
2025-07-24 16:05:59,718 DEBUG    requests_oauthlib.oauth2_session Obtained token {'access_token': 'ya29.a0AS3H6NwT_cCtrYO_Bp6geOekRaJ8-DwbM2P__atlppmlGOYNDCip5Z_v8CEoc8npaZ0Gs4OX2JqTEUltfhI8RMhArMCFxkPlaOQTBTKksluD0dWIhDfRuuzXeidnKkeveiDaoSt6mKmKXOlkdzqDsvi3KdDX7jeQmmC6yJjIlQRpuQaCgYKAR0SARISFQHGX2MiCWEGo15zLetMcvcT4eitGA0181', 'expires_in': 3599, 'refresh_token': '1//04cW9xKGiNsVnCgYIARAAGAQSNwF-L9Ir-xfGEezOztWnEdATb6pxwXY9v4PrBPzcNg3h6e09bViY7CwNju8Qr3wylTR4UkmUFkk', 'scope': ['https://www.googleapis.com/auth/sqlservice.login', 'https://www.googleapis.com/auth/cloud-platform', 'https://www.googleapis.com/auth/userinfo.email', 'openid', 'https://www.googleapis.com/auth/appengine.admin', 'https://www.googleapis.com/auth/accounts.reauth', 'https://www.googleapis.com/auth/compute'], 'token_type': 'Bearer', 'id_token': 'eyJhbGciOiJSUzI1NiIsImtpZCI6ImI1MDljNTEzODc2OGY3Y2YyZTgyN2UwNGIyN2U3ZTRjYmM3YmI5MTkiLCJ0eXAiOiJKV1QifQ.eyJpc3MiOiJodHRwczovL2FjY291bnRzLmdvb2dsZS5jb20iLCJhenAiOiIzMjU1NTk0MDU1OS5hcHBzLmdvb2dsZXVzZXJjb250ZW50LmNvbSIsImF1ZCI6IjMyNTU1OTQwNTU5LmFwcHMuZ29vZ2xldXNlcmNvbnRlbnQuY29tIiwic3ViIjoiMTEzOTgxNzY0MDU4NTQ5NDkzMzQyIiwiaGQiOiJzZXJ2aWNldXAuY29tIiwiZW1haWwiOiJhdXN0aW5Ac2VydmljZXVwLmNvbSIsImVtYWlsX3ZlcmlmaWVkIjp0cnVlLCJhdF9oYXNoIjoiWkgyZnVIYmY3TG1TQlF4OUlndGxsdyIsImlhdCI6MTc1MzM5NDc1OSwiZXhwIjoxNzUzMzk4MzU5fQ.d0XQtYnzplCgOY7YuVWhAoo2bWD8AsOiYyCmhhMoXdb7eD18QDAduJwKAOzG41dYsOvVwnHFwlXK6MAJYr3j9u18w0ngiREzc7Ffgg6TMbF4x8TX70CblvZIJH62rkZ_N_THmzCJWfPdJXilT1V_f2yQAE_H0qh-1gaKF2Xxm0XB-eQ1Oeof3EGof6cEYttdO80qno042AFQ0z7K7X9Eo6onJn-KYO8Vj3jyJP63-NJqIaClNU75BcobfShHmfSkEnM5sW8Pyo6v7L9pb6UFhFCfiUMcvW4PQ6AsIsKDaXgOey10K4zwbCpz1Oy1T5YECGj9vGEI0ndRjg2GD8lh9w', 'expires_at': 1753398358.718445}.
2025-07-24 16:05:59,736 DEBUG    root            Chosen display Format:none
2025-07-24 16:05:59,736 INFO     root            Display format: "none"
2025-07-24 16:05:59,770 INFO     ___FILE_ONLY___ You are signed in as: [austin@serviceup.com].


2025-07-24 16:05:59,788 DEBUG    urllib3.connectionpool Starting new HTTPS connection (1): cloudresourcemanager.googleapis.com:443
2025-07-24 16:06:00,082 DEBUG    urllib3.connectionpool https://cloudresourcemanager.googleapis.com:443 "GET /v1/projects?alt=json&filter=lifecycleState%3AACTIVE&pageSize=201 HTTP/11" 200 None
2025-07-24 16:10:04,124 INFO     ___FILE_ONLY___ 

Command killed by keyboard interrupt


