2025-07-24 16:12:50,279 DEBUG    root            Loaded Command Group: ['gcloud', 'init']
2025-07-24 16:12:50,280 DEBUG    root            Running [gcloud.init] with arguments: []
2025-07-24 16:12:50,280 INFO     ___FILE_ONLY___ Welcome! This command will take you through the configuration of gcloud.


2025-07-24 16:12:50,280 INFO     ___FILE_ONLY___ Settings from your current configuration [default] are:

2025-07-24 16:12:50,281 INFO     ___FILE_ONLY___ core:
  account: austin@serviceup.com
  disable_usage_reporting: 'True'

2025-07-24 16:12:50,281 INFO     ___FILE_ONLY___ 

2025-07-24 16:12:51,929 INFO     ___FILE_ONLY___ Your current configuration has been set to: [default]


2025-07-24 16:12:51,930 INFO     ___FILE_ONLY___ You can skip diagnostics next time by using the following flag:

2025-07-24 16:12:51,930 INFO     ___FILE_ONLY___   gcloud init --skip-diagnostics


2025-07-24 16:12:51,931 INFO     ___FILE_ONLY___ Network diagnostic detects and fixes local network connection issues.

2025-07-24 16:12:51,932 INFO     ___FILE_ONLY___ Checking network connection...
2025-07-24 16:12:53,014 DEBUG    urllib3.connectionpool Starting new HTTPS connection (1): accounts.google.com:443
2025-07-24 16:12:53,125 DEBUG    urllib3.connectionpool https://accounts.google.com:443 "GET / HTTP/11" 302 365
2025-07-24 16:12:53,168 DEBUG    urllib3.connectionpool https://accounts.google.com:443 "GET /ServiceLogin?passive=1209600&continue=https%3A%2F%2Faccounts.google.com%2F&followup=https%3A%2F%2Faccounts.google.com%2F HTTP/11" 302 0
2025-07-24 16:12:53,226 DEBUG    urllib3.connectionpool https://accounts.google.com:443 "GET /InteractiveLogin?continue=https://accounts.google.com/&followup=https://accounts.google.com/&passive=1209600&ifkv=AdBytiMCx9Kf9xrLLb4co_W-EfqYVH4Wxw-hJ15diVzIl34OLxaH9jY-qaD_36PuFZTDkTmYMm0JPQ HTTP/11" 302 554
2025-07-24 16:12:53,313 DEBUG    urllib3.connectionpool https://accounts.google.com:443 "GET /v3/signin/identifier?continue=https%3A%2F%2Faccounts.google.com%2F&followup=https%3A%2F%2Faccounts.google.com%2F&ifkv=AdBytiOK0mjgqcd00nP28RjwnMMXhjAZwhXB83pCCsShy6hnUupI2efs-iwWdN8QRrqmQhv0Jt3bhw&passive=1209600&flowName=WebLiteSignIn&flowEntry=ServiceLogin&dsh=S1697275339%3A1753395173377929 HTTP/11" 200 None
2025-07-24 16:12:53,421 DEBUG    urllib3.connectionpool Starting new HTTPS connection (1): cloudresourcemanager.googleapis.com:443
2025-07-24 16:12:53,522 DEBUG    urllib3.connectionpool https://cloudresourcemanager.googleapis.com:443 "GET /v1beta1/projects HTTP/11" 401 None
2025-07-24 16:12:53,527 DEBUG    urllib3.connectionpool Starting new HTTPS connection (1): www.googleapis.com:443
2025-07-24 16:12:53,613 DEBUG    urllib3.connectionpool https://www.googleapis.com:443 "GET /auth/cloud-platform HTTP/11" 200 14
2025-07-24 16:12:53,618 DEBUG    urllib3.connectionpool Starting new HTTPS connection (1): dl.google.com:443
2025-07-24 16:12:53,718 DEBUG    urllib3.connectionpool https://dl.google.com:443 "GET /dl/cloudsdk/channels/rapid/components-2.json HTTP/11" 200 239806
2025-07-24 16:12:53,973 INFO     ___FILE_ONLY___ Reachability Check passed.

2025-07-24 16:12:53,973 INFO     ___FILE_ONLY___ Network diagnostic passed (1/1 checks passed).


2025-07-24 16:12:57,476 INFO     ___FILE_ONLY___ You are signed in as: [austin@serviceup.com].


2025-07-24 16:12:57,495 DEBUG    urllib3.connectionpool Starting new HTTPS connection (1): cloudresourcemanager.googleapis.com:443
2025-07-24 16:12:57,699 DEBUG    urllib3.connectionpool https://cloudresourcemanager.googleapis.com:443 "GET /v1/projects?alt=json&filter=lifecycleState%3AACTIVE&pageSize=201 HTTP/11" 200 None
2025-07-24 16:13:03,431 INFO     ___FILE_ONLY___ 

Command killed by keyboard interrupt


